J001115.2+144601.8 3.4523 2 2 21.65 0.20 0.20 
J001134.5+155137.4 4.3175 2 1 20.50 0.20 0.20 
J001134.5+155137.4 4.3592 2 2 21.10 0.20 0.20 
J004950.9-093035.6 3.2858 2 2 20.70 0.20 0.20 
J014214.7+002324.3 3.3482 1 2 20.40 0.15 0.15 
J020651.4-094141.3 2.4702 2 2 20.30 0.20 0.20 
J021232.1-100422.1 2.7140 1 0 21.00 0.15 0.15 
J023148.8-073906.3 2.2982 3 2 21.75 0.20 0.20 
J033344.4-060625.1 3.9349 3 2 21.60 0.20 0.20 
J073149.5+285448.7 2.6859 2 1 20.55 0.15 0.15 
J074100.6+241542.6 2.9561 2 2 21.20 0.25 0.25 
J074823.8+332051.2 2.9755 3 2 20.45 0.15 0.15 
J074907.5+355543.7 3.8893 2 2 20.80 0.20 0.20 
J074907.5+355543.7 3.9960 2 2 21.00 0.20 0.20 
J075715.3+213333.7 2.2548 3 2 20.60 0.20 0.20 
J075901.2+284703.4 2.8226 2 2 21.05 0.15 0.15 
J080553.0+302937.3 3.4294 2 2 20.40 0.15 0.15 
J080735.1+413935.4 3.1123 2 2 20.40 0.15 0.15 
J080819.6+373047.4 3.3554 2 2 20.40 0.15 0.15 
J081052.6+440801.6 2.2589 3 2 20.45 0.20 0.20 
J081543.1+370037.0 3.1780 3 2 20.30 0.20 0.20 
J081813.0+263136.9 4.1610 3 2 21.10 0.15 0.15 
J082011.0+451330.5 2.2553 3 2 20.35 0.15 0.15 
J082021.3+390327.2 4.2838 3 2 20.45 0.15 0.15 
J082538.6+294649.0 2.3193 3 2 20.30 0.20 0.20 
J082638.5+515233.2 2.8333 1 2 20.80 0.15 0.15 
J083055.5+324342.1 2.4071 3 2 20.90 0.25 0.25 
J083115.9+381424.2 2.9268 2 2 20.60 0.20 0.20 
J083234.6+315418.9 2.3738 3 2 20.30 0.15 0.15 
J083303.3+353559.9 2.1987 3 2 20.35 0.15 0.15 
J083431.6+362015.9 2.1709 2 2 20.30 0.15 0.15 
J083914.1+485125.7 2.9691 1 0 20.60 0.15 0.15 
J083941.9+322402.5 2.5573 3 2 21.20 0.20 0.20 
J084006.6+362531.6 2.3847 2 2 21.90 0.20 0.20 
J084421.6+333805.7 2.9473 3 2 20.35 0.20 0.20 
J084426.1+421646.5 2.3244 3 1 20.50 0.25 0.25 
J084533.0-000919.8 2.2998 2 2 21.60 0.30 0.30 
J085242.5+453555.4 2.4396 3 2 20.80 0.25 0.25 
J085249.7+331050.1 2.2036 3 2 20.35 0.15 0.15 
J085353.0+481524.6 2.9803 2 2 20.55 0.15 0.15 
J085410.8+412938.6 3.4420 2 2 20.55 0.15 0.15 
J085517.6+053606.6 2.2976 3 2 20.70 0.15 0.15 
J085807.7+404722.3 2.9736 3 1 20.55 0.20 0.20 
J090017.6+490001.9 3.2054 2 2 20.95 0.15 0.15 
J090109.4+473434.6 3.4255 2 2 20.85 0.20 0.20 
J091824.3+063653.3 4.1432 3 2 21.40 0.20 0.20 
J092041.7+072544.0 2.2372 3 2 21.30 0.25 0.25 
J092322.8+033821.5 2.2244 2 2 20.60 0.20 0.30 
J094314.4+065357.0 2.3531 3 2 20.35 0.15 0.15 
J095942.7+532341.6 2.5739 2 2 20.75 0.25 0.25 
J100016.0+450153.1 2.5425 3 2 20.40 0.15 0.15 
J100544.5+520903.3 2.1736 2 2 20.80 0.15 0.15 
J100645.6+462717.2 4.2570 3 2 21.85 0.20 0.20 
J100852.6+475552.5 2.8517 2 2 21.60 0.15 0.15 
J101725.8+611627.5 2.7681 2 2 20.60 0.10 0.10 
J102056.6+022722.3 2.2217 3 2 20.35 0.20 0.20 
J102649.6+582101.7 2.2692 2 2 21.30 0.20 0.20 
J103152.8+010923.0 2.4022 1 2 20.40 0.15 0.15 
J103528.3+531340.7 2.3915 3 2 21.10 0.25 0.25 
J103653.2+490351.3 2.8184 2 2 20.40 0.15 0.15 
J104110.6+491750.6 2.6649 2 2 21.05 0.20 0.20 
J104344.9+494516.7 2.4757 3 2 20.70 0.15 0.15 
J104501.4+504045.9 3.9492 3 1 20.35 0.20 0.20 
J104543.5+654321.3 2.9400 1 0 20.80 0.15 0.15 
J105430.0+491947.1 2.9227 3 1 20.30 0.20 0.20 
J105430.0+491947.1 3.3912 3 1 20.50 0.20 0.20 
J110007.8+062642.2 2.9554 3 2 20.70 0.20 0.20 
J110032.1+604544.1 2.2532 2 2 21.20 0.20 0.20 
J110657.1+575122.9 2.1926 2 2 20.75 0.20 0.20 
J111233.4+060618.9 3.2642 3 2 20.65 0.15 0.15 
J112850.0+034816.5 2.6339 3 2 20.80 0.15 0.15 
J113441.2+671751.3 2.8154 1 2 20.40 0.15 0.15 
J113900.7+551135.8 2.1935 3 2 20.30 0.20 0.20 
J114554.4+055346.3 2.1941 2 2 20.60 0.15 0.15 
J115138.0+020610.4 2.2032 2 2 20.50 0.20 0.20 
J115422.1+535957.9 2.4725 3 1 20.60 0.20 0.20 
J120715.4+595342.9 4.1952 3 2 20.60 0.25 0.25 
J121223.2-032632.0 3.5132 3 2 20.95 0.25 0.25 
J121423.0+024252.8 2.1910 2 2 20.30 0.10 0.10 
J122021.3+092135.7 4.1205 3 2 20.70 0.20 0.20 
J122040.2+092326.8 3.1327 3 2 20.75 0.20 0.20 
J122046.8+441236.7 3.1356 3 2 20.35 0.15 0.15 
J122307.5+103448.2 2.7194 3 2 20.35 0.20 0.20 
J122330.3+534850.1 3.2671 3 1 20.40 0.20 0.20 
J122924.1-020914.7 2.7009 1 1 20.65 0.15 0.15 
J123034.0+510850.8 2.7686 3 1 20.50 0.25 0.25 
J123937.1+674020.8 4.2545 2 1 20.30 0.25 0.25 
J123937.1+674020.8 4.3723 2 2 20.60 0.20 0.20 
J125202.1+560439.8 3.2358 3 2 20.80 0.30 0.30 
J125742.6+053348.2 3.0470 3 2 20.80 0.15 0.15 
J130152.5-030729.3 3.0525 1 2 20.50 0.15 0.15 
J130216.1+003032.1 4.1871 2 2 21.30 0.20 0.20 
J130931.0+051745.3 3.0482 2 2 20.60 0.15 0.15 
J132205.6+494352.0 3.2071 3 2 20.30 0.15 0.15 
J132235.1+584124.6 2.8186 2 2 20.50 0.15 0.15 
J132708.4+022001.6 2.5208 2 2 20.40 0.15 0.15 
J132844.3-022409.2 2.5294 2 2 21.20 0.20 0.20 
J132914.1+553740.2 2.1852 3 2 20.85 0.15 0.15 
J133030.2+492718.6 3.8239 3 1 20.30 0.20 0.20 
J133048.6+034032.1 2.3226 2 2 21.50 0.15 0.15 
J133512.8+440417.3 2.3561 3 2 21.05 0.25 0.25 
J135647.7+545551.4 2.6015 3 2 20.95 0.20 0.20 
J135803.9+034936.0 2.8535 2 2 20.40 0.15 0.15 
J140029.0+411243.4 2.5370 3 2 21.65 0.15 0.15 
J140038.1+560624.6 2.6587 3 2 20.90 0.15 0.15 
J140854.2+582446.3 2.3802 2 2 20.85 0.20 0.20 
J141151.2+551710.8 2.2923 3 2 20.60 0.15 0.15 
J142041.9+422257.0 3.3359 3 2 20.35 0.15 0.15 
J142209.7+465932.5 3.1965 3 2 21.45 0.20 0.20 
J142239.8+420220.3 2.6106 3 2 21.30 0.25 0.25 
J142512.7+441707.4 2.5775 3 2 21.40 0.50 0.50 
J143355.0+503832.4 2.3567 2 2 20.30 0.15 0.15 
J143500.2+035403.5 2.2702 1 2 20.40 0.15 0.15 
J143536.8+010956.9 2.9496 1 2 20.30 0.15 0.15 
J143707.5+042817.0 2.8401 1 2 20.40 0.15 0.15 
J144233.0+495242.6 3.1113 3 2 20.50 0.15 0.15 
J144606.2+583053.6 2.2076 2 2 20.40 0.20 0.30 
J144606.2+583053.6 2.2080 1 2 20.40 0.15 0.15 
J144752.4+582420.2 2.8180 1 2 20.65 0.15 0.15 
J144758.4-005055.3 2.7639 2 2 20.80 0.15 0.15 
J145125.9+501039.6 3.2923 3 2 21.15 0.20 0.20 
J145345.0+502821.9 2.1723 3 2 20.40 0.15 0.15 
J150226.8+483711.4 2.2725 3 2 20.45 0.20 0.20 
J150533.2+411946.3 2.2309 3 2 20.85 0.30 0.30 
J150611.2+001823.6 2.2071 1 1 20.30 0.15 0.15 
J150851.9+515627.7 2.7333 3 2 20.40 0.25 0.25 
J151254.3-005636.6 4.3994 3 2 21.00 0.20 0.20 
J151924.4+034641.5 2.7264 2 2 20.60 0.20 0.20 
J152200.5+512512.6 2.2272 3 2 20.40 0.15 0.15 
J152359.4+542956.9 2.3164 2 2 21.75 0.30 0.30 
J152826.7+474440.3 3.8110 3 2 20.50 0.25 0.25 
J153146.2+023108.3 2.2628 1 2 21.15 0.15 0.15 
J154446.3+412035.7 3.0229 2 2 20.90 0.15 0.15 
J154446.3+412035.7 3.0616 2 2 20.90 0.15 0.15 
J155556.8+480015.1 2.3908 2 2 21.50 0.25 0.25 
J160126.3+394704.0 2.8269 3 2 20.75 0.15 0.15 
J160244.7+324036.6 2.9745 3 1 20.35 0.20 0.20 
J160413.9+395121.9 3.1633 3 2 21.75 0.20 0.20 
J161018.0+253600.9 3.4525 3 1 20.90 0.20 0.20 
J161045.6+005728.1 2.2755 2 2 21.40 0.20 0.20 
J161119.5+441144.0 3.9811 2 1 20.70 0.15 0.15 
J162626.5+275132.4 4.3115 3 2 21.35 0.25 0.25 
J162626.5+275132.4 4.4954 3 2 21.35 0.25 0.25 
J162653.1+351652.7 2.1752 3 2 20.90 0.15 0.15 
J163042.2+330434.2 2.1886 3 2 21.25 0.15 0.15 
J163315.9+260610.7 2.9360 3 2 20.55 0.20 0.20 
J163603.3+381122.3 3.5424 3 1 20.45 0.15 0.15 
J163609.3+461954.9 2.2005 3 2 20.80 0.25 0.25 
J163659.1+481003.1 2.2554 2 2 20.75 0.20 0.20 
J163809.0+323955.2 2.3506 3 1 20.45 0.20 0.20 
J165249.8+294059.0 2.1798 3 2 20.30 0.15 0.15 
J165454.0+302526.0 3.0568 3 2 20.30 0.20 0.20 
J170951.0+570313.7 2.3590 2 2 21.05 0.30 0.30 
J205551.1-004814.1 3.1759 2 2 20.70 0.15 0.15 
J211252.8-072707.9 2.4886 3 2 20.75 0.20 0.20 
J211443.9-005532.7 3.4424 2 2 20.50 0.20 0.20 
J212357.5-005350.1 2.7811 3 2 20.80 0.15 0.15 
J212357.5-005350.1 3.1101 3 2 20.45 0.15 0.15 
J212357.5-005350.1 3.6266 3 2 20.90 0.15 0.15 
J215117.0-070753.3 3.1187 1 0 20.65 0.15 0.15 
J222329.7-082054.0 2.9650 2 2 20.85 0.20 0.20 
J223438.5+005730.0 2.8178 2 2 20.80 0.20 0.20 
J223827.1+135432.6 3.5616 3 2 21.90 0.15 0.15 
J224255.5+124225.6 3.7174 3 1 20.40 0.25 0.25 
J224823.6+125711.3 3.0164 2 1 20.30 0.15 0.15 
J225246.4+142525.7 4.7486 3 1 21.00 0.20 0.20 
J225738.3+143810.4 2.6520 2 2 20.40 0.15 0.15 
J232025.0-104226.7 3.6106 2 1 20.65 0.15 0.15 
J232115.4+142131.5 2.5730 3 2 20.60 0.20 0.20 
J235702.5-004824.0 2.4801 1 1 20.45 0.15 0.15 
